
Copyright (C) 1994-2023 Synopsys, Inc.
This Synopsys software and all associated documentation are proprietary to Synopsys, Inc.
and may only be used pursuant to the terms and conditions of a written license agreement
with Synopsys, Inc. All other use, reproduction, modification, or distribution of the
Synopsys software or the associated documentation is strictly prohibited.
Tool: Synplify Pro (R)
Build: V-2023.09L-2
Install: C:\lscc\diamond\3.14\synpbase
OS: Windows 10 or later
Hostname: LAPTOP-H2PSHQ4O

Implementation : impl1

# Written on Wed Oct 29 10:47:25 2025

##### DESIGN INFO #######################################################

Top View:                "sistema_top"
Constraint File(s):      (none)




##### SUMMARY ############################################################

Found 0 issues in 0 out of 0 constraints


##### DETAILS ############################################################



Clock Relationships
*******************

Starting            Ending              |     rise to rise     |     fall to fall     |     rise to fall     |     fall to rise                     
---------------------------------------------------------------------------------------------------------------------------------------------------
sistema_top|clk     sistema_top|clk     |     5.000            |     No paths         |     No paths         |     No paths                         
===================================================================================================================================================
 Note: 'No paths' indicates there are no paths in the design for that pair of clock edges.
       'Diff grp' indicates that paths exist but the starting clock and ending clock are in different clock groups.


Unconstrained Start/End Points
******************************

p:I1
p:I2
p:S1
p:S2
p:SERVO1
p:SERVO2
p:seg1[0]
p:seg1[1]
p:seg1[2]
p:seg1[3]
p:seg1[4]
p:seg1[5]
p:seg1[6]
p:vaga1_in
p:vaga2_in
p:vaga3_in


Inapplicable constraints
************************

(none)


Applicable constraints with issues
**********************************

(none)


Constraints with matching wildcard expressions
**********************************************

(none)


Library Report
**************


# End of Constraint Checker Report
